Arguments: 
  C:\Program Files\nodejs\node.exe C:\Users\Gonzaliski\AppData\Roaming\npm\node_modules\yarn\bin\yarn.js add @types/pandas-js

PATH: 
  C:\Program Files\Git\mingw64\bin;C:\Program Files\Git\usr\bin;C:\Users\Gonzaliski\bin;C:\Users\Gonzaliski\bin;C:\Program Files\Git\mingw64\bin;C:\Program Files\Git\usr\local\bin;C:\Program Files\Git\usr\bin;C:\Program Files\Git\usr\bin;C:\Program Files\Git\mingw64\bin;C:\Program Files\Git\usr\bin;C:\Users\Gonzaliski\bin;C:\Program Files\Common Files\Oracle\Java\javapath;C:\Program Files (x86)\VMware\VMware Workstation\bin;C:\Program Files (x86)\Common Files\Oracle\Java\javapath;C:\Windows\system32;C:\Windows;C:\Windows\System32\Wbem;C:\Windows\System32\WindowsPowerShell\v1.0;C:\Windows\System32\OpenSSH;C:\Program Files\java\jdk-14\bin;C:\Program Files (x86)\NVIDIA Corporation\PhysX\Common;C:\Program Files\NVIDIA Corporation\NVIDIA NvDLISR;C:\Program Files\Git\cmd;C:\Program Files\nodejs;C:\Program Files\dotnet;C:\Program Files (x86)\ZeroTier\One;C:\Program Files\java\jdk-17;C:\Program Files\Docker\Docker\resources\bin;C:\Users\Gonzaliski\AppData\Local\Programs\Python\Python310\Scripts;C:\Users\Gonzaliski\AppData\Local\Programs\Python\Python310;C:\Users\Gonzaliski\AppData\Local\Programs\Python\Python311\Scripts;C:\Users\Gonzaliski\AppData\Local\Programs\Python\Python311;C:\Program Files\MySQL\MySQL Shell 8.0\bin;C:\Users\Gonzaliski\AppData\Local\Microsoft\WindowsApps;C:\Users\Gonzaliski\AppData\Local\Programs\Microsoft VS Code\bin;C:\Users\Gonzaliski\AppData\Roaming\npm;C:\Program Files\heroku\bin;C:\Program Files\Git\usr\bin\vendor_perl;C:\Program Files\Git\usr\bin\core_perl

Yarn version: 
  1.22.18

Node version: 
  16.15.0

Platform: 
  win32 x64

Trace: 
  Error: https://registry.yarnpkg.com/@types%2fpandas-js: Not found
      at Request.params.callback [as _callback] (C:\Users\Gonzaliski\AppData\Roaming\npm\node_modules\yarn\lib\cli.js:66138:18)
      at Request.self.callback (C:\Users\Gonzaliski\AppData\Roaming\npm\node_modules\yarn\lib\cli.js:140883:22)
      at Request.emit (node:events:527:28)
      at Request.<anonymous> (C:\Users\Gonzaliski\AppData\Roaming\npm\node_modules\yarn\lib\cli.js:141855:10)
      at Request.emit (node:events:527:28)
      at IncomingMessage.<anonymous> (C:\Users\Gonzaliski\AppData\Roaming\npm\node_modules\yarn\lib\cli.js:141777:12)
      at Object.onceWrapper (node:events:641:28)
      at IncomingMessage.emit (node:events:539:35)
      at endReadableNT (node:internal/streams/readable:1345:12)
      at processTicksAndRejections (node:internal/process/task_queues:83:21)

npm manifest: 
  {
    "dependencies": {
      "pandas-js": "^0.2.4"
    }
  }

yarn manifest: 
  No manifest

Lockfile: 
  # THIS IS AN AUTOGENERATED FILE. DO NOT EDIT THIS FILE DIRECTLY.
  # yarn lockfile v1
  
  
  immutable@^3.8.1:
    version "3.8.2"
    resolved "https://registry.yarnpkg.com/immutable/-/immutable-3.8.2.tgz#c2439951455bb39913daf281376f1530e104adf3"
    integrity sha512-15gZoQ38eYjEjxkorfbcgBKBL6R7T459OuK+CpcWt7O3KF4uPCx2tD0uFETlUDIyo+1789crbMhTvQBSR5yBMg==
  
  pandas-js@^0.2.4:
    version "0.2.4"
    resolved "https://registry.yarnpkg.com/pandas-js/-/pandas-js-0.2.4.tgz#7bfbda79aab0e5c278203789ca26b703633235d7"
    integrity sha512-/zZV9z/u8SOny/0RQFik6OhG0ieBZb23TRHNs4pUHj2ONDeqvlHN9742pQXVvj6IYFFm0FaAmmWuBqz/mDLFmg==
    dependencies:
      immutable "^3.8.1"
